2019-03-04 17:05:25 MeetingClientLogAlert.py(160 - MainProcess - MainThread - <module>): INFO 新的文件绝对路径:C:\ProgramData\Redcdn\PcJmMeeting\LOG\LOG\X1Box_x86.exe-_23412__1.txt
2019-03-04 17:05:26 MeetingClientLogAlert.py(179 - MainProcess - MainThread - <module>): INFO 等待1秒
2019-03-04 17:05:27 MeetingClientLogAlert.py(179 - MainProcess - MainThread - <module>): INFO 等待1秒
2019-03-04 17:05:28 MeetingClientLogAlert.py(179 - MainProcess - MainThread - <module>): INFO 等待1秒
2019-03-04 17:05:29 MeetingClientLogAlert.py(179 - MainProcess - MainThread - <module>): INFO 等待1秒
2019-03-04 17:05:30 MeetingClientLogAlert.py(179 - MainProcess - MainThread - <module>): INFO 等待1秒
2019-03-04 17:05:31 MeetingClientLogAlert.py(179 - MainProcess - MainThread - <module>): INFO 等待1秒
2019-03-04 17:05:32 MeetingClientLogAlert.py(179 - MainProcess - MainThread - <module>): INFO 等待1秒
2019-03-04 17:05:33 MeetingClientLogAlert.py(179 - MainProcess - MainThread - <module>): INFO 等待1秒
2019-03-04 17:05:33 MeetingClientLogAlert.py(174 - MainProcess - MainThread - <module>): INFO 日志行数满足1400行后，进行的关键字查询
2019-03-04 17:05:33 MeetingClientLogAlert.py(208 - MainProcess - MainThread - <module>): INFO 大网会议创建成功
2019-03-04 17:05:58 MeetingClientLogAlert.py(160 - MainProcess - MainThread - <module>): INFO 新的文件绝对路径:C:\ProgramData\Redcdn\PcJmMeeting\LOG\LOG\X1Box_x86.exe-_23364__1.txt
2019-03-04 17:05:59 MeetingClientLogAlert.py(179 - MainProcess - MainThread - <module>): INFO 等待1秒
2019-03-04 17:06:00 MeetingClientLogAlert.py(179 - MainProcess - MainThread - <module>): INFO 等待1秒
2019-03-04 17:06:01 MeetingClientLogAlert.py(179 - MainProcess - MainThread - <module>): INFO 等待1秒
2019-03-04 17:06:02 MeetingClientLogAlert.py(179 - MainProcess - MainThread - <module>): INFO 等待1秒
2019-03-04 17:06:03 MeetingClientLogAlert.py(179 - MainProcess - MainThread - <module>): INFO 等待1秒
2019-03-04 17:06:04 MeetingClientLogAlert.py(179 - MainProcess - MainThread - <module>): INFO 等待1秒
2019-03-04 17:06:05 MeetingClientLogAlert.py(179 - MainProcess - MainThread - <module>): INFO 等待1秒
2019-03-04 17:06:06 MeetingClientLogAlert.py(179 - MainProcess - MainThread - <module>): INFO 等待1秒
2019-03-04 17:06:06 MeetingClientLogAlert.py(174 - MainProcess - MainThread - <module>): INFO 日志行数满足1400行后，进行的关键字查询
2019-03-04 17:06:06 MeetingClientLogAlert.py(208 - MainProcess - MainThread - <module>): INFO 大网会议创建成功
2019-03-04 17:06:31 MeetingClientLogAlert.py(160 - MainProcess - MainThread - <module>): INFO 新的文件绝对路径:C:\ProgramData\Redcdn\PcJmMeeting\LOG\LOG\X1Box_x86.exe-_24308__1.txt
2019-03-04 17:06:32 MeetingClientLogAlert.py(179 - MainProcess - MainThread - <module>): INFO 等待1秒
2019-03-04 17:06:33 MeetingClientLogAlert.py(179 - MainProcess - MainThread - <module>): INFO 等待1秒
2019-03-04 17:06:34 MeetingClientLogAlert.py(179 - MainProcess - MainThread - <module>): INFO 等待1秒
2019-03-04 17:06:35 MeetingClientLogAlert.py(179 - MainProcess - MainThread - <module>): INFO 等待1秒
2019-03-04 17:06:36 MeetingClientLogAlert.py(179 - MainProcess - MainThread - <module>): INFO 等待1秒
2019-03-04 17:06:37 MeetingClientLogAlert.py(179 - MainProcess - MainThread - <module>): INFO 等待1秒
2019-03-04 17:06:38 MeetingClientLogAlert.py(179 - MainProcess - MainThread - <module>): INFO 等待1秒
2019-03-04 17:06:38 MeetingClientLogAlert.py(174 - MainProcess - MainThread - <module>): INFO 日志行数满足1400行后，进行的关键字查询
2019-03-04 17:06:38 MeetingClientLogAlert.py(208 - MainProcess - MainThread - <module>): INFO 大网会议创建成功
2019-03-04 17:07:03 MeetingClientLogAlert.py(160 - MainProcess - MainThread - <module>): INFO 新的文件绝对路径:C:\ProgramData\Redcdn\PcJmMeeting\LOG\LOG\X1Box_x86.exe-_100__1.txt
2019-03-04 17:07:04 MeetingClientLogAlert.py(179 - MainProcess - MainThread - <module>): INFO 等待1秒
2019-03-04 17:07:05 MeetingClientLogAlert.py(179 - MainProcess - MainThread - <module>): INFO 等待1秒
2019-03-04 17:07:06 MeetingClientLogAlert.py(179 - MainProcess - MainThread - <module>): INFO 等待1秒
2019-03-04 17:07:07 MeetingClientLogAlert.py(179 - MainProcess - MainThread - <module>): INFO 等待1秒
2019-03-04 17:07:08 MeetingClientLogAlert.py(179 - MainProcess - MainThread - <module>): INFO 等待1秒
2019-03-04 17:07:09 MeetingClientLogAlert.py(179 - MainProcess - MainThread - <module>): INFO 等待1秒
2019-03-04 17:07:10 MeetingClientLogAlert.py(179 - MainProcess - MainThread - <module>): INFO 等待1秒
2019-03-04 17:07:11 MeetingClientLogAlert.py(179 - MainProcess - MainThread - <module>): INFO 等待1秒
2019-03-04 17:07:11 MeetingClientLogAlert.py(174 - MainProcess - MainThread - <module>): INFO 日志行数满足1400行后，进行的关键字查询
2019-03-04 17:07:11 MeetingClientLogAlert.py(208 - MainProcess - MainThread - <module>): INFO 大网会议创建成功
2019-03-04 17:07:36 MeetingClientLogAlert.py(160 - MainProcess - MainThread - <module>): INFO 新的文件绝对路径:C:\ProgramData\Redcdn\PcJmMeeting\LOG\LOG\X1Box_x86.exe-_20704__1.txt
2019-03-04 17:07:37 MeetingClientLogAlert.py(179 - MainProcess - MainThread - <module>): INFO 等待1秒
2019-03-04 17:07:38 MeetingClientLogAlert.py(179 - MainProcess - MainThread - <module>): INFO 等待1秒
2019-03-04 17:07:39 MeetingClientLogAlert.py(179 - MainProcess - MainThread - <module>): INFO 等待1秒
2019-03-04 17:07:40 MeetingClientLogAlert.py(179 - MainProcess - MainThread - <module>): INFO 等待1秒
2019-03-04 17:07:41 MeetingClientLogAlert.py(179 - MainProcess - MainThread - <module>): INFO 等待1秒
2019-03-04 17:07:42 MeetingClientLogAlert.py(179 - MainProcess - MainThread - <module>): INFO 等待1秒
2019-03-04 17:07:43 MeetingClientLogAlert.py(179 - MainProcess - MainThread - <module>): INFO 等待1秒
2019-03-04 17:07:44 MeetingClientLogAlert.py(179 - MainProcess - MainThread - <module>): INFO 等待1秒
2019-03-04 17:07:44 MeetingClientLogAlert.py(174 - MainProcess - MainThread - <module>): INFO 日志行数满足1400行后，进行的关键字查询
2019-03-04 17:07:44 MeetingClientLogAlert.py(208 - MainProcess - MainThread - <module>): INFO 大网会议创建成功
2019-03-04 17:08:09 MeetingClientLogAlert.py(160 - MainProcess - MainThread - <module>): INFO 新的文件绝对路径:C:\ProgramData\Redcdn\PcJmMeeting\LOG\LOG\X1Box_x86.exe-_21820__1.txt
2019-03-04 17:08:10 MeetingClientLogAlert.py(179 - MainProcess - MainThread - <module>): INFO 等待1秒
2019-03-04 17:08:11 MeetingClientLogAlert.py(179 - MainProcess - MainThread - <module>): INFO 等待1秒
2019-03-04 17:08:12 MeetingClientLogAlert.py(179 - MainProcess - MainThread - <module>): INFO 等待1秒
2019-03-04 17:08:13 MeetingClientLogAlert.py(179 - MainProcess - MainThread - <module>): INFO 等待1秒
2019-03-04 17:08:14 MeetingClientLogAlert.py(179 - MainProcess - MainThread - <module>): INFO 等待1秒
2019-03-04 17:08:15 MeetingClientLogAlert.py(179 - MainProcess - MainThread - <module>): INFO 等待1秒
2019-03-04 17:08:16 MeetingClientLogAlert.py(179 - MainProcess - MainThread - <module>): INFO 等待1秒
2019-03-04 17:08:16 MeetingClientLogAlert.py(174 - MainProcess - MainThread - <module>): INFO 日志行数满足1400行后，进行的关键字查询
2019-03-04 17:08:16 MeetingClientLogAlert.py(208 - MainProcess - MainThread - <module>): INFO 大网会议创建成功
2019-03-04 17:08:41 MeetingClientLogAlert.py(160 - MainProcess - MainThread - <module>): INFO 新的文件绝对路径:C:\ProgramData\Redcdn\PcJmMeeting\LOG\LOG\X1Box_x86.exe-_11112__1.txt
2019-03-04 17:08:42 MeetingClientLogAlert.py(179 - MainProcess - MainThread - <module>): INFO 等待1秒
2019-03-04 17:08:43 MeetingClientLogAlert.py(179 - MainProcess - MainThread - <module>): INFO 等待1秒
2019-03-04 17:08:44 MeetingClientLogAlert.py(179 - MainProcess - MainThread - <module>): INFO 等待1秒
2019-03-04 17:08:45 MeetingClientLogAlert.py(179 - MainProcess - MainThread - <module>): INFO 等待1秒
2019-03-04 17:08:46 MeetingClientLogAlert.py(179 - MainProcess - MainThread - <module>): INFO 等待1秒
2019-03-04 17:08:47 MeetingClientLogAlert.py(179 - MainProcess - MainThread - <module>): INFO 等待1秒
2019-03-04 17:08:48 MeetingClientLogAlert.py(179 - MainProcess - MainThread - <module>): INFO 等待1秒
2019-03-04 17:08:49 MeetingClientLogAlert.py(179 - MainProcess - MainThread - <module>): INFO 等待1秒
2019-03-04 17:08:49 MeetingClientLogAlert.py(174 - MainProcess - MainThread - <module>): INFO 日志行数满足1400行后，进行的关键字查询
2019-03-04 17:08:49 MeetingClientLogAlert.py(208 - MainProcess - MainThread - <module>): INFO 大网会议创建成功
2019-03-04 17:09:15 MeetingClientLogAlert.py(160 - MainProcess - MainThread - <module>): INFO 新的文件绝对路径:C:\ProgramData\Redcdn\PcJmMeeting\LOG\LOG\X1Box_x86.exe-_18928__1.txt
2019-03-04 17:09:16 MeetingClientLogAlert.py(179 - MainProcess - MainThread - <module>): INFO 等待1秒
2019-03-04 17:09:17 MeetingClientLogAlert.py(179 - MainProcess - MainThread - <module>): INFO 等待1秒
2019-03-04 17:09:18 MeetingClientLogAlert.py(179 - MainProcess - MainThread - <module>): INFO 等待1秒
2019-03-04 17:09:19 MeetingClientLogAlert.py(179 - MainProcess - MainThread - <module>): INFO 等待1秒
2019-03-04 17:09:20 MeetingClientLogAlert.py(179 - MainProcess - MainThread - <module>): INFO 等待1秒
2019-03-04 17:09:21 MeetingClientLogAlert.py(179 - MainProcess - MainThread - <module>): INFO 等待1秒
2019-03-04 17:09:22 MeetingClientLogAlert.py(179 - MainProcess - MainThread - <module>): INFO 等待1秒
2019-03-04 17:09:23 MeetingClientLogAlert.py(179 - MainProcess - MainThread - <module>): INFO 等待1秒
2019-03-04 17:09:23 MeetingClientLogAlert.py(174 - MainProcess - MainThread - <module>): INFO 日志行数满足1400行后，进行的关键字查询
2019-03-04 17:09:23 MeetingClientLogAlert.py(208 - MainProcess - MainThread - <module>): INFO 大网会议创建成功
2019-03-04 17:09:48 MeetingClientLogAlert.py(160 - MainProcess - MainThread - <module>): INFO 新的文件绝对路径:C:\ProgramData\Redcdn\PcJmMeeting\LOG\LOG\X1Box_x86.exe-_21556__1.txt
2019-03-04 17:09:49 MeetingClientLogAlert.py(179 - MainProcess - MainThread - <module>): INFO 等待1秒
2019-03-04 17:09:50 MeetingClientLogAlert.py(179 - MainProcess - MainThread - <module>): INFO 等待1秒
2019-03-04 17:09:51 MeetingClientLogAlert.py(179 - MainProcess - MainThread - <module>): INFO 等待1秒
2019-03-04 17:09:52 MeetingClientLogAlert.py(179 - MainProcess - MainThread - <module>): INFO 等待1秒
2019-03-04 17:09:53 MeetingClientLogAlert.py(179 - MainProcess - MainThread - <module>): INFO 等待1秒
2019-03-04 17:09:54 MeetingClientLogAlert.py(179 - MainProcess - MainThread - <module>): INFO 等待1秒
2019-03-04 17:09:55 MeetingClientLogAlert.py(179 - MainProcess - MainThread - <module>): INFO 等待1秒
2019-03-04 17:09:56 MeetingClientLogAlert.py(179 - MainProcess - MainThread - <module>): INFO 等待1秒
2019-03-04 17:09:56 MeetingClientLogAlert.py(174 - MainProcess - MainThread - <module>): INFO 日志行数满足1400行后，进行的关键字查询
2019-03-04 17:09:56 MeetingClientLogAlert.py(208 - MainProcess - MainThread - <module>): INFO 大网会议创建成功
2019-03-04 17:10:21 MeetingClientLogAlert.py(160 - MainProcess - MainThread - <module>): INFO 新的文件绝对路径:C:\ProgramData\Redcdn\PcJmMeeting\LOG\LOG\X1Box_x86.exe-_22872__1.txt
2019-03-04 17:10:22 MeetingClientLogAlert.py(179 - MainProcess - MainThread - <module>): INFO 等待1秒
2019-03-04 17:10:23 MeetingClientLogAlert.py(179 - MainProcess - MainThread - <module>): INFO 等待1秒
2019-03-04 17:10:24 MeetingClientLogAlert.py(179 - MainProcess - MainThread - <module>): INFO 等待1秒
2019-03-04 17:10:25 MeetingClientLogAlert.py(179 - MainProcess - MainThread - <module>): INFO 等待1秒
2019-03-04 17:10:26 MeetingClientLogAlert.py(179 - MainProcess - MainThread - <module>): INFO 等待1秒
2019-03-04 17:10:27 MeetingClientLogAlert.py(179 - MainProcess - MainThread - <module>): INFO 等待1秒
2019-03-04 17:10:28 MeetingClientLogAlert.py(179 - MainProcess - MainThread - <module>): INFO 等待1秒
2019-03-04 17:10:29 MeetingClientLogAlert.py(179 - MainProcess - MainThread - <module>): INFO 等待1秒
2019-03-04 17:10:29 MeetingClientLogAlert.py(174 - MainProcess - MainThread - <module>): INFO 日志行数满足1400行后，进行的关键字查询
2019-03-04 17:10:29 MeetingClientLogAlert.py(208 - MainProcess - MainThread - <module>): INFO 大网会议创建成功
2019-03-04 17:10:54 MeetingClientLogAlert.py(160 - MainProcess - MainThread - <module>): INFO 新的文件绝对路径:C:\ProgramData\Redcdn\PcJmMeeting\LOG\LOG\X1Box_x86.exe-_20684__1.txt
2019-03-04 17:10:55 MeetingClientLogAlert.py(179 - MainProcess - MainThread - <module>): INFO 等待1秒
2019-03-04 17:10:56 MeetingClientLogAlert.py(179 - MainProcess - MainThread - <module>): INFO 等待1秒
2019-03-04 17:10:57 MeetingClientLogAlert.py(179 - MainProcess - MainThread - <module>): INFO 等待1秒
2019-03-04 17:10:58 MeetingClientLogAlert.py(179 - MainProcess - MainThread - <module>): INFO 等待1秒
2019-03-04 17:10:59 MeetingClientLogAlert.py(179 - MainProcess - MainThread - <module>): INFO 等待1秒
2019-03-04 17:11:00 MeetingClientLogAlert.py(179 - MainProcess - MainThread - <module>): INFO 等待1秒
2019-03-04 17:11:01 MeetingClientLogAlert.py(179 - MainProcess - MainThread - <module>): INFO 等待1秒
2019-03-04 17:11:01 MeetingClientLogAlert.py(174 - MainProcess - MainThread - <module>): INFO 日志行数满足1400行后，进行的关键字查询
2019-03-04 17:11:01 MeetingClientLogAlert.py(208 - MainProcess - MainThread - <module>): INFO 大网会议创建成功
2019-03-04 17:11:26 MeetingClientLogAlert.py(160 - MainProcess - MainThread - <module>): INFO 新的文件绝对路径:C:\ProgramData\Redcdn\PcJmMeeting\LOG\LOG\X1Box_x86.exe-_1972__1.txt
2019-03-04 17:11:27 MeetingClientLogAlert.py(179 - MainProcess - MainThread - <module>): INFO 等待1秒
2019-03-04 17:11:28 MeetingClientLogAlert.py(179 - MainProcess - MainThread - <module>): INFO 等待1秒
2019-03-04 17:11:29 MeetingClientLogAlert.py(179 - MainProcess - MainThread - <module>): INFO 等待1秒
2019-03-04 17:11:30 MeetingClientLogAlert.py(179 - MainProcess - MainThread - <module>): INFO 等待1秒
2019-03-04 17:11:31 MeetingClientLogAlert.py(179 - MainProcess - MainThread - <module>): INFO 等待1秒
2019-03-04 17:11:32 MeetingClientLogAlert.py(179 - MainProcess - MainThread - <module>): INFO 等待1秒
2019-03-04 17:11:33 MeetingClientLogAlert.py(179 - MainProcess - MainThread - <module>): INFO 等待1秒
2019-03-04 17:11:34 MeetingClientLogAlert.py(179 - MainProcess - MainThread - <module>): INFO 等待1秒
2019-03-04 17:11:34 MeetingClientLogAlert.py(174 - MainProcess - MainThread - <module>): INFO 日志行数满足1400行后，进行的关键字查询
2019-03-04 17:11:34 MeetingClientLogAlert.py(208 - MainProcess - MainThread - <module>): INFO 大网会议创建成功
2019-03-04 17:11:59 MeetingClientLogAlert.py(160 - MainProcess - MainThread - <module>): INFO 新的文件绝对路径:C:\ProgramData\Redcdn\PcJmMeeting\LOG\LOG\X1Box_x86.exe-_9204__1.txt
2019-03-04 17:12:00 MeetingClientLogAlert.py(179 - MainProcess - MainThread - <module>): INFO 等待1秒
2019-03-04 17:12:01 MeetingClientLogAlert.py(179 - MainProcess - MainThread - <module>): INFO 等待1秒
2019-03-04 17:12:02 MeetingClientLogAlert.py(179 - MainProcess - MainThread - <module>): INFO 等待1秒
2019-03-04 17:12:03 MeetingClientLogAlert.py(179 - MainProcess - MainThread - <module>): INFO 等待1秒
2019-03-04 17:12:04 MeetingClientLogAlert.py(179 - MainProcess - MainThread - <module>): INFO 等待1秒
2019-03-04 17:12:05 MeetingClientLogAlert.py(179 - MainProcess - MainThread - <module>): INFO 等待1秒
2019-03-04 17:12:06 MeetingClientLogAlert.py(179 - MainProcess - MainThread - <module>): INFO 等待1秒
2019-03-04 17:12:07 MeetingClientLogAlert.py(179 - MainProcess - MainThread - <module>): INFO 等待1秒
2019-03-04 17:12:07 MeetingClientLogAlert.py(174 - MainProcess - MainThread - <module>): INFO 日志行数满足1400行后，进行的关键字查询
2019-03-04 17:12:07 MeetingClientLogAlert.py(208 - MainProcess - MainThread - <module>): INFO 大网会议创建成功
2019-03-04 17:12:32 MeetingClientLogAlert.py(160 - MainProcess - MainThread - <module>): INFO 新的文件绝对路径:C:\ProgramData\Redcdn\PcJmMeeting\LOG\LOG\X1Box_x86.exe-_22572__1.txt
2019-03-04 17:12:33 MeetingClientLogAlert.py(179 - MainProcess - MainThread - <module>): INFO 等待1秒
2019-03-04 17:12:34 MeetingClientLogAlert.py(179 - MainProcess - MainThread - <module>): INFO 等待1秒
2019-03-04 17:12:35 MeetingClientLogAlert.py(179 - MainProcess - MainThread - <module>): INFO 等待1秒
2019-03-04 17:12:36 MeetingClientLogAlert.py(179 - MainProcess - MainThread - <module>): INFO 等待1秒
2019-03-04 17:12:37 MeetingClientLogAlert.py(179 - MainProcess - MainThread - <module>): INFO 等待1秒
2019-03-04 17:12:38 MeetingClientLogAlert.py(179 - MainProcess - MainThread - <module>): INFO 等待1秒
2019-03-04 17:12:39 MeetingClientLogAlert.py(179 - MainProcess - MainThread - <module>): INFO 等待1秒
2019-03-04 17:12:39 MeetingClientLogAlert.py(174 - MainProcess - MainThread - <module>): INFO 日志行数满足1400行后，进行的关键字查询
2019-03-04 17:12:39 MeetingClientLogAlert.py(208 - MainProcess - MainThread - <module>): INFO 大网会议创建成功
2019-03-04 17:13:04 MeetingClientLogAlert.py(160 - MainProcess - MainThread - <module>): INFO 新的文件绝对路径:C:\ProgramData\Redcdn\PcJmMeeting\LOG\LOG\X1Box_x86.exe-_22572__1.txt
2019-03-04 17:13:04 MeetingClientLogAlert.py(174 - MainProcess - MainThread - <module>): INFO 日志行数满足1400行后，进行的关键字查询
2019-03-04 17:13:04 MeetingClientLogAlert.py(208 - MainProcess - MainThread - <module>): INFO 大网会议创建成功
2019-03-04 17:19:06 MeetingClientLogAlert.py(160 - MainProcess - MainThread - <module>): INFO 新的文件绝对路径:C:\ProgramData\Redcdn\PcJmMeeting\LOG\LOG\X1Box_x86.exe-_18864__1.txt
2019-03-04 17:19:16 MeetingClientLogAlert.py(174 - MainProcess - MainThread - <module>): INFO 日志行数满足1400行后，进行关键字查询
2019-03-04 17:19:16 MeetingClientLogAlert.py(206 - MainProcess - MainThread - <module>): INFO 大网会议创建成功
2019-03-04 17:19:41 MeetingClientLogAlert.py(160 - MainProcess - MainThread - <module>): INFO 新的文件绝对路径:C:\ProgramData\Redcdn\PcJmMeeting\LOG\LOG\X1Box_x86.exe-_26196__1.txt
2019-03-04 17:19:48 MeetingClientLogAlert.py(174 - MainProcess - MainThread - <module>): INFO 日志行数满足1400行后，进行关键字查询
2019-03-04 17:19:48 MeetingClientLogAlert.py(206 - MainProcess - MainThread - <module>): INFO 大网会议创建成功
2019-03-04 17:20:13 MeetingClientLogAlert.py(160 - MainProcess - MainThread - <module>): INFO 新的文件绝对路径:C:\ProgramData\Redcdn\PcJmMeeting\LOG\LOG\X1Box_x86.exe-_26076__1.txt
2019-03-04 17:22:27 MeetingClientLogAlert.py(160 - MainProcess - MainThread - <module>): INFO 新的文件绝对路径:C:\ProgramData\Redcdn\PcJmMeeting\LOG\LOG\X1Box_x86.exe-_26344__1.txt
2019-03-04 17:22:36 MeetingClientLogAlert.py(173 - MainProcess - MainThread - <module>): INFO 日志行数为1789行后，进行关键字查询
2019-03-04 17:22:36 MeetingClientLogAlert.py(205 - MainProcess - MainThread - <module>): INFO 大网会议创建成功
2019-03-04 17:23:01 MeetingClientLogAlert.py(160 - MainProcess - MainThread - <module>): INFO 新的文件绝对路径:C:\ProgramData\Redcdn\PcJmMeeting\LOG\LOG\X1Box_x86.exe-_26596__1.txt
2019-03-04 17:23:09 MeetingClientLogAlert.py(173 - MainProcess - MainThread - <module>): INFO 日志行数为1879行后，进行关键字查询
2019-03-04 17:23:09 MeetingClientLogAlert.py(205 - MainProcess - MainThread - <module>): INFO 大网会议创建成功
2019-03-04 17:23:34 MeetingClientLogAlert.py(160 - MainProcess - MainThread - <module>): INFO 新的文件绝对路径:C:\ProgramData\Redcdn\PcJmMeeting\LOG\LOG\X1Box_x86.exe-_25628__1.txt
2019-03-04 17:23:42 MeetingClientLogAlert.py(173 - MainProcess - MainThread - <module>): INFO 日志行数为1914行后，进行关键字查询
2019-03-04 17:23:42 MeetingClientLogAlert.py(205 - MainProcess - MainThread - <module>): INFO 大网会议创建成功
2019-03-04 17:24:07 MeetingClientLogAlert.py(160 - MainProcess - MainThread - <module>): INFO 新的文件绝对路径:C:\ProgramData\Redcdn\PcJmMeeting\LOG\LOG\X1Box_x86.exe-_1600__1.txt
2019-03-04 17:24:14 MeetingClientLogAlert.py(173 - MainProcess - MainThread - <module>): INFO 日志行数为1471行后，进行关键字查询
2019-03-04 17:24:14 MeetingClientLogAlert.py(205 - MainProcess - MainThread - <module>): INFO 大网会议创建成功
2019-03-04 17:24:39 MeetingClientLogAlert.py(160 - MainProcess - MainThread - <module>): INFO 新的文件绝对路径:C:\ProgramData\Redcdn\PcJmMeeting\LOG\LOG\X1Box_x86.exe-_16128__1.txt
2019-03-04 17:24:47 MeetingClientLogAlert.py(173 - MainProcess - MainThread - <module>): INFO 日志行数为1841行后，进行关键字查询
2019-03-04 17:24:47 MeetingClientLogAlert.py(205 - MainProcess - MainThread - <module>): INFO 大网会议创建成功
2019-03-04 17:25:12 MeetingClientLogAlert.py(160 - MainProcess - MainThread - <module>): INFO 新的文件绝对路径:C:\ProgramData\Redcdn\PcJmMeeting\LOG\LOG\X1Box_x86.exe-_16128__1.txt
2019-03-04 17:25:12 MeetingClientLogAlert.py(173 - MainProcess - MainThread - <module>): INFO 日志行数为3556行后，进行关键字查询
2019-03-04 17:25:12 MeetingClientLogAlert.py(205 - MainProcess - MainThread - <module>): INFO 大网会议创建成功
2019-03-04 17:39:22 MeetingClientLogAlert.py(161 - MainProcess - MainThread - <module>): INFO 新的文件绝对路径:C:\ProgramData\Redcdn\PcJmMeeting\LOG\LOG\X1Box_x86.exe-_20484__1.txt
2019-03-04 17:39:29 MeetingClientLogAlert.py(174 - MainProcess - MainThread - <module>): INFO 日志行数为1813行后，进行关键字查询
2019-03-04 17:39:29 MeetingClientLogAlert.py(207 - MainProcess - MainThread - <module>): INFO 大网会议创建成功
2019-03-04 17:39:54 MeetingClientLogAlert.py(161 - MainProcess - MainThread - <module>): INFO 新的文件绝对路径:C:\ProgramData\Redcdn\PcJmMeeting\LOG\LOG\X1Box_x86.exe-_26416__1.txt
2019-03-04 17:40:02 MeetingClientLogAlert.py(174 - MainProcess - MainThread - <module>): INFO 日志行数为1914行后，进行关键字查询
2019-03-04 17:40:02 MeetingClientLogAlert.py(207 - MainProcess - MainThread - <module>): INFO 大网会议创建成功
2019-03-04 17:40:27 MeetingClientLogAlert.py(161 - MainProcess - MainThread - <module>): INFO 新的文件绝对路径:C:\ProgramData\Redcdn\PcJmMeeting\LOG\LOG\X1Box_x86.exe-_25928__1.txt
2019-03-04 17:40:35 MeetingClientLogAlert.py(174 - MainProcess - MainThread - <module>): INFO 日志行数为1968行后，进行关键字查询
2019-03-04 17:40:35 MeetingClientLogAlert.py(207 - MainProcess - MainThread - <module>): INFO 大网会议创建成功
2019-03-04 17:41:00 MeetingClientLogAlert.py(161 - MainProcess - MainThread - <module>): INFO 新的文件绝对路径:C:\ProgramData\Redcdn\PcJmMeeting\LOG\LOG\X1Box_x86.exe-_25928__1.txt
2019-03-04 17:41:00 MeetingClientLogAlert.py(174 - MainProcess - MainThread - <module>): INFO 日志行数为3557行后，进行关键字查询
2019-03-04 17:41:00 MeetingClientLogAlert.py(207 - MainProcess - MainThread - <module>): INFO 大网会议创建成功
2019-03-04 17:45:53 MeetingClientLogAlert.py(161 - MainProcess - MainThread - <module>): INFO 新的文件绝对路径:C:\ProgramData\Redcdn\PcJmMeeting\LOG\LOG\X1Box_x86.exe-_20616__1.txt
2019-03-04 17:45:59 MeetingClientLogAlert.py(174 - MainProcess - MainThread - <module>): INFO 日志行数为1893行后，进行关键字查询
2019-03-04 17:45:59 MeetingClientLogAlert.py(208 - MainProcess - MainThread - <module>): INFO 大网会议创建成功
2019-03-04 17:46:24 MeetingClientLogAlert.py(161 - MainProcess - MainThread - <module>): INFO 新的文件绝对路径:C:\ProgramData\Redcdn\PcJmMeeting\LOG\LOG\X1Box_x86.exe-_13332__1.txt
2019-03-04 17:46:31 MeetingClientLogAlert.py(174 - MainProcess - MainThread - <module>): INFO 日志行数为1684行后，进行关键字查询
2019-03-04 17:46:31 MeetingClientLogAlert.py(208 - MainProcess - MainThread - <module>): INFO 大网会议创建成功
2019-03-04 17:46:56 MeetingClientLogAlert.py(161 - MainProcess - MainThread - <module>): INFO 新的文件绝对路径:C:\ProgramData\Redcdn\PcJmMeeting\LOG\LOG\X1Box_x86.exe-_13332__1.txt
2019-03-04 17:46:56 MeetingClientLogAlert.py(174 - MainProcess - MainThread - <module>): INFO 日志行数为3537行后，进行关键字查询
2019-03-04 17:46:56 MeetingClientLogAlert.py(208 - MainProcess - MainThread - <module>): INFO 大网会议创建成功
2019-03-04 17:48:55 MeetingClientLogAlert.py(161 - MainProcess - MainThread - <module>): INFO 新的文件绝对路径:C:\ProgramData\Redcdn\PcJmMeeting\LOG\LOG\X1Box_x86.exe-_25024__1.txt
2019-03-04 17:49:04 MeetingClientLogAlert.py(174 - MainProcess - MainThread - <module>): INFO 日志行数为1439行后，进行关键字查询
2019-03-04 17:49:04 MeetingClientLogAlert.py(207 - MainProcess - MainThread - <module>): INFO 大网会议创建成功
2019-03-04 17:49:20 MeetingClientLogAlert.py(161 - MainProcess - MainThread - <module>): INFO 新的文件绝对路径:C:\ProgramData\Redcdn\PcJmMeeting\LOG\LOG\X1Box_x86.exe-_25024__1.txt
2019-03-04 17:49:20 MeetingClientLogAlert.py(174 - MainProcess - MainThread - <module>): INFO 日志行数为3336行后，进行关键字查询
2019-03-04 17:49:20 MeetingClientLogAlert.py(207 - MainProcess - MainThread - <module>): INFO 大网会议创建成功
2019-03-04 17:49:45 MeetingClientLogAlert.py(161 - MainProcess - MainThread - <module>): INFO 新的文件绝对路径:C:\ProgramData\Redcdn\PcJmMeeting\LOG\LOG\X1Box_x86.exe-_23732__1.txt
2019-03-04 17:49:45 MeetingClientLogAlert.py(174 - MainProcess - MainThread - <module>): INFO 日志行数为2531行后，进行关键字查询
2019-03-04 17:49:45 MeetingClientLogAlert.py(207 - MainProcess - MainThread - <module>): INFO 大网会议创建成功
2019-03-04 17:50:10 MeetingClientLogAlert.py(161 - MainProcess - MainThread - <module>): INFO 新的文件绝对路径:C:\ProgramData\Redcdn\PcJmMeeting\LOG\LOG\X1Box_x86.exe-_26468__1.txt
2019-03-04 17:51:39 MeetingClientLogAlert.py(161 - MainProcess - MainThread - <module>): INFO 新的文件绝对路径:C:\ProgramData\Redcdn\PcJmMeeting\LOG\LOG\X1Box_x86.exe-_23504__1.txt
2019-03-04 17:51:48 MeetingClientLogAlert.py(174 - MainProcess - MainThread - <module>): INFO 日志行数为1888行后，进行关键字查询
2019-03-04 17:51:48 MeetingClientLogAlert.py(208 - MainProcess - MainThread - <module>): INFO 大网会议创建成功
2019-03-04 17:52:04 MeetingClientLogAlert.py(161 - MainProcess - MainThread - <module>): INFO 新的文件绝对路径:C:\ProgramData\Redcdn\PcJmMeeting\LOG\LOG\X1Box_x86.exe-_23504__1.txt
2019-03-04 17:52:04 MeetingClientLogAlert.py(174 - MainProcess - MainThread - <module>): INFO 日志行数为3289行后，进行关键字查询
2019-03-04 17:52:04 MeetingClientLogAlert.py(208 - MainProcess - MainThread - <module>): INFO 大网会议创建成功
2019-03-04 17:52:29 MeetingClientLogAlert.py(161 - MainProcess - MainThread - <module>): INFO 新的文件绝对路径:C:\ProgramData\Redcdn\PcJmMeeting\LOG\LOG\X1Box_x86.exe-_20224__1.txt
2019-03-04 17:52:29 MeetingClientLogAlert.py(174 - MainProcess - MainThread - <module>): INFO 日志行数为2563行后，进行关键字查询
2019-03-04 17:52:29 MeetingClientLogAlert.py(208 - MainProcess - MainThread - <module>): INFO 大网会议创建成功
2019-03-04 17:52:54 MeetingClientLogAlert.py(161 - MainProcess - MainThread - <module>): INFO 新的文件绝对路径:C:\ProgramData\Redcdn\PcJmMeeting\LOG\LOG\X1Box_x86.exe-_23728__1.txt
2019-03-04 17:52:54 MeetingClientLogAlert.py(174 - MainProcess - MainThread - <module>): INFO 日志行数为2006行后，进行关键字查询
2019-03-04 17:52:54 MeetingClientLogAlert.py(208 - MainProcess - MainThread - <module>): INFO 大网会议创建成功
2019-03-04 17:53:19 MeetingClientLogAlert.py(161 - MainProcess - MainThread - <module>): INFO 新的文件绝对路径:C:\ProgramData\Redcdn\PcJmMeeting\LOG\LOG\X1Box_x86.exe-_23028__1.txt
2019-03-04 17:53:26 MeetingClientLogAlert.py(174 - MainProcess - MainThread - <module>): INFO 日志行数为1733行后，进行关键字查询
2019-03-04 17:53:26 MeetingClientLogAlert.py(208 - MainProcess - MainThread - <module>): INFO 大网会议创建成功
2019-03-04 17:53:44 MeetingClientLogAlert.py(161 - MainProcess - MainThread - <module>): INFO 新的文件绝对路径:C:\ProgramData\Redcdn\PcJmMeeting\LOG\LOG\X1Box_x86.exe-_23028__1.txt
2019-03-04 17:53:44 MeetingClientLogAlert.py(174 - MainProcess - MainThread - <module>): INFO 日志行数为3493行后，进行关键字查询
2019-03-04 17:53:44 MeetingClientLogAlert.py(208 - MainProcess - MainThread - <module>): INFO 大网会议创建成功
2019-03-04 17:54:09 MeetingClientLogAlert.py(161 - MainProcess - MainThread - <module>): INFO 新的文件绝对路径:C:\ProgramData\Redcdn\PcJmMeeting\LOG\LOG\X1Box_x86.exe-_9776__1.txt
2019-03-04 17:54:09 MeetingClientLogAlert.py(174 - MainProcess - MainThread - <module>): INFO 日志行数为2746行后，进行关键字查询
2019-03-04 17:54:09 MeetingClientLogAlert.py(208 - MainProcess - MainThread - <module>): INFO 大网会议创建成功
2019-03-04 17:54:34 MeetingClientLogAlert.py(161 - MainProcess - MainThread - <module>): INFO 新的文件绝对路径:C:\ProgramData\Redcdn\PcJmMeeting\LOG\LOG\X1Box_x86.exe-_4516__1.txt
2019-03-04 17:54:34 MeetingClientLogAlert.py(174 - MainProcess - MainThread - <module>): INFO 日志行数为2147行后，进行关键字查询
2019-03-04 17:54:34 MeetingClientLogAlert.py(208 - MainProcess - MainThread - <module>): INFO 大网会议创建成功
2019-03-04 17:54:59 MeetingClientLogAlert.py(161 - MainProcess - MainThread - <module>): INFO 新的文件绝对路径:C:\ProgramData\Redcdn\PcJmMeeting\LOG\LOG\X1Box_x86.exe-_2308__1.txt
2019-03-04 17:55:05 MeetingClientLogAlert.py(174 - MainProcess - MainThread - <module>): INFO 日志行数为1940行后，进行关键字查询
2019-03-04 17:55:05 MeetingClientLogAlert.py(208 - MainProcess - MainThread - <module>): INFO 大网会议创建成功
2019-03-04 17:55:24 MeetingClientLogAlert.py(161 - MainProcess - MainThread - <module>): INFO 新的文件绝对路径:C:\ProgramData\Redcdn\PcJmMeeting\LOG\LOG\X1Box_x86.exe-_2308__1.txt
2019-03-04 17:55:24 MeetingClientLogAlert.py(174 - MainProcess - MainThread - <module>): INFO 日志行数为3539行后，进行关键字查询
2019-03-04 17:55:24 MeetingClientLogAlert.py(208 - MainProcess - MainThread - <module>): INFO 大网会议创建成功
2019-03-13 11:24:53 MeetingClientLogAlert.py(177 - MainProcess - MainThread - <module>): INFO 新的文件绝对路径:C:\ProgramData\Redcdn\PcJmMeeting\LOG\LOG\X1Box_x86.exe-_11784__1.txt
2019-03-13 11:25:03 MeetingClientLogAlert.py(190 - MainProcess - MainThread - <module>): INFO 日志行数为1857行后，进行关键字查询
2019-03-13 11:25:03 MeetingClientLogAlert.py(223 - MainProcess - MainThread - <module>): INFO 大网会议创建成功
2019-03-13 11:25:18 MeetingClientLogAlert.py(177 - MainProcess - MainThread - <module>): INFO 新的文件绝对路径:C:\ProgramData\Redcdn\PcJmMeeting\LOG\LOG\X1Box_x86.exe-_11784__1.txt
2019-03-13 11:25:18 MeetingClientLogAlert.py(190 - MainProcess - MainThread - <module>): INFO 日志行数为3111行后，进行关键字查询
2019-03-13 11:25:18 MeetingClientLogAlert.py(223 - MainProcess - MainThread - <module>): INFO 大网会议创建成功
2019-03-13 11:25:46 MeetingClientLogAlert.py(231 - MainProcess - MainThread - <module>): INFO 按键精灵和极会议客户端进行了重启操作
2019-03-13 11:25:46 MeetingClientLogAlert.py(177 - MainProcess - MainThread - <module>): INFO 新的文件绝对路径:C:\ProgramData\Redcdn\PcJmMeeting\LOG\LOG\X1Box_x86.exe-_11784__1.txt
2019-03-13 11:27:11 MeetingClientLogAlert.py(177 - MainProcess - MainThread - <module>): INFO 新的文件绝对路径:C:\ProgramData\Redcdn\PcJmMeeting\LOG\LOG\X1Box_x86.exe-_19568__1.txt
2019-03-13 11:27:18 MeetingClientLogAlert.py(190 - MainProcess - MainThread - <module>): INFO 日志行数为1708行后，进行关键字查询
2019-03-13 11:27:18 MeetingClientLogAlert.py(223 - MainProcess - MainThread - <module>): INFO 大网会议创建成功
2019-03-13 11:27:39 MeetingClientLogAlert.py(231 - MainProcess - MainThread - <module>): INFO 按键精灵和极会议客户端进行了重启操作
2019-03-13 11:27:39 MeetingClientLogAlert.py(177 - MainProcess - MainThread - <module>): INFO 新的文件绝对路径:C:\ProgramData\Redcdn\PcJmMeeting\LOG\LOG\X1Box_x86.exe-_19568__1.txt
2019-03-13 11:27:39 MeetingClientLogAlert.py(190 - MainProcess - MainThread - <module>): INFO 日志行数为3362行后，进行关键字查询
2019-03-13 11:27:39 MeetingClientLogAlert.py(223 - MainProcess - MainThread - <module>): INFO 大网会议创建成功
2019-03-13 11:28:04 MeetingClientLogAlert.py(177 - MainProcess - MainThread - <module>): INFO 新的文件绝对路径:C:\ProgramData\Redcdn\PcJmMeeting\LOG\LOG\X1Box_x86.exe-_19568__1.txt
2019-03-13 11:30:10 MeetingClientLogAlert.py(177 - MainProcess - MainThread - <module>): INFO 新的文件绝对路径:C:\ProgramData\Redcdn\PcJmMeeting\LOG\LOG\X1Box_x86.exe-_23152__1.txt
2019-03-13 11:30:19 MeetingClientLogAlert.py(190 - MainProcess - MainThread - <module>): INFO 日志行数为1688行后，进行关键字查询
2019-03-13 11:30:19 MeetingClientLogAlert.py(223 - MainProcess - MainThread - <module>): INFO 大网会议创建成功
2019-03-13 11:30:35 MeetingClientLogAlert.py(177 - MainProcess - MainThread - <module>): INFO 新的文件绝对路径:C:\ProgramData\Redcdn\PcJmMeeting\LOG\LOG\X1Box_x86.exe-_23152__1.txt
2019-03-13 11:30:35 MeetingClientLogAlert.py(190 - MainProcess - MainThread - <module>): INFO 日志行数为3412行后，进行关键字查询
2019-03-13 11:30:35 MeetingClientLogAlert.py(223 - MainProcess - MainThread - <module>): INFO 大网会议创建成功
2019-03-13 11:31:02 MeetingClientLogAlert.py(231 - MainProcess - MainThread - <module>): INFO 按键精灵和极会议客户端进行了重启操作
2019-03-13 11:31:02 MeetingClientLogAlert.py(177 - MainProcess - MainThread - <module>): INFO 新的文件绝对路径:C:\ProgramData\Redcdn\PcJmMeeting\LOG\LOG\X1Box_x86.exe-_10308__1.txt
2019-03-13 11:31:02 MeetingClientLogAlert.py(190 - MainProcess - MainThread - <module>): INFO 日志行数为2563行后，进行关键字查询
2019-03-13 11:31:02 MeetingClientLogAlert.py(223 - MainProcess - MainThread - <module>): INFO 大网会议创建成功
2019-03-13 11:37:52 MeetingClientLogAlert.py(178 - MainProcess - MainThread - <module>): INFO 新的文件绝对路径:C:\ProgramData\Redcdn\PcJmMeeting\LOG\LOG\X1Box_x86.exe-_10452__1.txt
2019-03-13 11:39:10 MeetingClientLogAlert.py(178 - MainProcess - MainThread - <module>): INFO 新的文件绝对路径:C:\ProgramData\Redcdn\PcJmMeeting\LOG\LOG\X1Box_x86.exe-_11984__1.txt
2019-03-13 11:50:04 MeetingClientLogAlert.py(178 - MainProcess - MainThread - <module>): INFO 新的文件绝对路径:C:\ProgramData\Redcdn\PcJmMeeting\LOG\LOG\X1Box_x86.exe-_22288__1.txt
2019-03-13 11:50:12 MeetingClientLogAlert.py(191 - MainProcess - MainThread - <module>): INFO 日志行数为1725行后，进行关键字查询
2019-03-13 11:50:12 MeetingClientLogAlert.py(224 - MainProcess - MainThread - <module>): INFO 大网会议创建成功
2019-03-13 11:50:32 MeetingClientLogAlert.py(232 - MainProcess - MainThread - <module>): INFO 按键精灵和极会议客户端进行了重启操作
2019-03-13 11:50:32 MeetingClientLogAlert.py(178 - MainProcess - MainThread - <module>): INFO 新的文件绝对路径:C:\ProgramData\Redcdn\PcJmMeeting\LOG\LOG\X1Box_x86.exe-_22288__1.txt
2019-03-13 11:50:32 MeetingClientLogAlert.py(191 - MainProcess - MainThread - <module>): INFO 日志行数为3412行后，进行关键字查询
2019-03-13 11:50:32 MeetingClientLogAlert.py(224 - MainProcess - MainThread - <module>): INFO 大网会议创建成功
2019-03-13 11:50:57 MeetingClientLogAlert.py(178 - MainProcess - MainThread - <module>): INFO 新的文件绝对路径:C:\ProgramData\Redcdn\PcJmMeeting\LOG\LOG\X1Box_x86.exe-_22288__1.txt
2019-03-13 12:14:24 MeetingClientLogAlert.py(181 - MainProcess - MainThread - <module>): INFO 新的文件绝对路径:C:\ProgramData\Redcdn\PcJmMeeting\LOG\LOG\X1Box_x86.exe-_23040__1.txt
2019-03-13 12:14:32 MeetingClientLogAlert.py(194 - MainProcess - MainThread - <module>): INFO 日志行数为1909行后，进行关键字查询
2019-03-13 12:14:32 MeetingClientLogAlert.py(227 - MainProcess - MainThread - <module>): INFO 大网会议创建成功
2019-03-13 12:14:52 MeetingClientLogAlert.py(235 - MainProcess - MainThread - <module>): INFO 按键精灵和极会议客户端进行了重启操作
2019-03-13 12:14:52 MeetingClientLogAlert.py(181 - MainProcess - MainThread - <module>): INFO 新的文件绝对路径:C:\ProgramData\Redcdn\PcJmMeeting\LOG\LOG\X1Box_x86.exe-_23040__1.txt
2019-03-13 12:14:52 MeetingClientLogAlert.py(194 - MainProcess - MainThread - <module>): INFO 日志行数为3395行后，进行关键字查询
2019-03-13 12:14:52 MeetingClientLogAlert.py(227 - MainProcess - MainThread - <module>): INFO 大网会议创建成功
2019-03-13 12:15:17 MeetingClientLogAlert.py(181 - MainProcess - MainThread - <module>): INFO 新的文件绝对路径:C:\ProgramData\Redcdn\PcJmMeeting\LOG\LOG\X1Box_x86.exe-_19656__1.txt
2019-03-13 12:15:17 MeetingClientLogAlert.py(194 - MainProcess - MainThread - <module>): INFO 日志行数为2350行后，进行关键字查询
2019-03-13 12:15:17 MeetingClientLogAlert.py(227 - MainProcess - MainThread - <module>): INFO 大网会议创建成功
2019-03-13 12:15:42 MeetingClientLogAlert.py(181 - MainProcess - MainThread - <module>): INFO 新的文件绝对路径:C:\ProgramData\Redcdn\PcJmMeeting\LOG\LOG\X1Box_x86.exe-_22252__1.txt
2019-03-13 12:15:46 MeetingClientLogAlert.py(194 - MainProcess - MainThread - <module>): INFO 日志行数为1700行后，进行关键字查询
2019-03-13 12:15:46 MeetingClientLogAlert.py(227 - MainProcess - MainThread - <module>): INFO 大网会议创建成功
2019-03-13 12:16:10 MeetingClientLogAlert.py(235 - MainProcess - MainThread - <module>): INFO 按键精灵和极会议客户端进行了重启操作
2019-03-13 12:16:10 MeetingClientLogAlert.py(181 - MainProcess - MainThread - <module>): INFO 新的文件绝对路径:C:\ProgramData\Redcdn\PcJmMeeting\LOG\LOG\X1Box_x86.exe-_8944__1.txt
2019-03-13 14:07:59 MeetingClientLogAlert.py(182 - MainProcess - MainThread - <module>): INFO 新的文件绝对路径:C:\ProgramData\Redcdn\PcJmMeeting\LOG\LOG\X1Box_x86.exe-_26112__1.txt
2019-03-13 14:08:08 MeetingClientLogAlert.py(195 - MainProcess - MainThread - <module>): INFO 日志行数为1738行后，进行关键字查询
2019-03-13 14:08:08 MeetingClientLogAlert.py(228 - MainProcess - MainThread - <module>): INFO 大网会议创建成功
2019-03-13 14:08:27 MeetingClientLogAlert.py(237 - MainProcess - MainThread - <module>): INFO 按键精灵和极会议客户端进行了重启操作
2019-03-13 14:08:27 MeetingClientLogAlert.py(182 - MainProcess - MainThread - <module>): INFO 新的文件绝对路径:C:\ProgramData\Redcdn\PcJmMeeting\LOG\LOG\X1Box_x86.exe-_26112__1.txt
2019-03-13 14:08:27 MeetingClientLogAlert.py(195 - MainProcess - MainThread - <module>): INFO 日志行数为3349行后，进行关键字查询
2019-03-13 14:08:27 MeetingClientLogAlert.py(228 - MainProcess - MainThread - <module>): INFO 大网会议创建成功
2019-03-13 14:08:52 MeetingClientLogAlert.py(182 - MainProcess - MainThread - <module>): INFO 新的文件绝对路径:C:\ProgramData\Redcdn\PcJmMeeting\LOG\LOG\X1Box_x86.exe-_22128__1.txt
2019-03-13 14:08:52 MeetingClientLogAlert.py(195 - MainProcess - MainThread - <module>): INFO 日志行数为2252行后，进行关键字查询
2019-03-13 14:08:52 MeetingClientLogAlert.py(228 - MainProcess - MainThread - <module>): INFO 大网会议创建成功
2019-03-13 14:09:20 MeetingClientLogAlert.py(237 - MainProcess - MainThread - <module>): INFO 按键精灵和极会议客户端进行了重启操作
2019-03-13 14:09:20 MeetingClientLogAlert.py(182 - MainProcess - MainThread - <module>): INFO 新的文件绝对路径:C:\ProgramData\Redcdn\PcJmMeeting\LOG\LOG\X1Box_x86.exe-_22396__1.txt
2019-03-13 14:11:36 MeetingClientLogAlert.py(182 - MainProcess - MainThread - <module>): INFO 新的文件绝对路径:C:\ProgramData\Redcdn\PcJmMeeting\LOG\LOG\X1Box_x86.exe-_19768__1.txt
2019-03-13 14:11:44 MeetingClientLogAlert.py(195 - MainProcess - MainThread - <module>): INFO 日志行数为1928行后，进行关键字查询
2019-03-13 14:11:44 MeetingClientLogAlert.py(228 - MainProcess - MainThread - <module>): INFO 大网会议创建成功
2019-03-13 14:12:04 MeetingClientLogAlert.py(182 - MainProcess - MainThread - <module>): INFO 新的文件绝对路径:C:\ProgramData\Redcdn\PcJmMeeting\LOG\LOG\X1Box_x86.exe-_19768__1.txt
2019-03-13 14:12:04 MeetingClientLogAlert.py(195 - MainProcess - MainThread - <module>): INFO 日志行数为3475行后，进行关键字查询
2019-03-13 14:12:04 MeetingClientLogAlert.py(228 - MainProcess - MainThread - <module>): INFO 大网会议创建成功
2019-03-13 14:12:29 MeetingClientLogAlert.py(182 - MainProcess - MainThread - <module>): INFO 新的文件绝对路径:C:\ProgramData\Redcdn\PcJmMeeting\LOG\LOG\X1Box_x86.exe-_25940__1.txt
2019-03-13 14:12:29 MeetingClientLogAlert.py(195 - MainProcess - MainThread - <module>): INFO 日志行数为2243行后，进行关键字查询
2019-03-13 14:12:29 MeetingClientLogAlert.py(228 - MainProcess - MainThread - <module>): INFO 大网会议创建成功
2019-03-13 14:12:56 MeetingClientLogAlert.py(182 - MainProcess - MainThread - <module>): INFO 新的文件绝对路径:C:\ProgramData\Redcdn\PcJmMeeting\LOG\LOG\X1Box_x86.exe-_23604__1.txt
2019-03-13 14:15:53 MeetingClientLogAlert.py(182 - MainProcess - MainThread - <module>): INFO 新的文件绝对路径:C:\ProgramData\Redcdn\PcJmMeeting\LOG\LOG\X1Box_x86.exe-_22008__1.txt
2019-03-13 14:16:00 MeetingClientLogAlert.py(195 - MainProcess - MainThread - <module>): INFO 日志行数为1734行后，进行关键字查询
2019-03-13 14:16:00 MeetingClientLogAlert.py(228 - MainProcess - MainThread - <module>): INFO 大网会议创建成功
2019-03-13 14:16:21 MeetingClientLogAlert.py(237 - MainProcess - MainThread - <module>): INFO 按键精灵和极会议客户端进行了重启操作
2019-03-13 14:16:21 MeetingClientLogAlert.py(182 - MainProcess - MainThread - <module>): INFO 新的文件绝对路径:C:\ProgramData\Redcdn\PcJmMeeting\LOG\LOG\X1Box_x86.exe-_22008__1.txt
2019-03-13 14:16:21 MeetingClientLogAlert.py(195 - MainProcess - MainThread - <module>): INFO 日志行数为3500行后，进行关键字查询
2019-03-13 14:16:21 MeetingClientLogAlert.py(228 - MainProcess - MainThread - <module>): INFO 大网会议创建成功
2019-03-13 14:16:46 MeetingClientLogAlert.py(182 - MainProcess - MainThread - <module>): INFO 新的文件绝对路径:C:\ProgramData\Redcdn\PcJmMeeting\LOG\LOG\X1Box_x86.exe-_25920__1.txt
2019-03-13 14:18:03 MeetingClientLogAlert.py(182 - MainProcess - MainThread - <module>): INFO 新的文件绝对路径:C:\ProgramData\Redcdn\PcJmMeeting\LOG\LOG\X1Box_x86.exe-_22780__1.txt
2019-03-13 14:18:12 MeetingClientLogAlert.py(195 - MainProcess - MainThread - <module>): INFO 日志行数为1869行后，进行关键字查询
2019-03-13 14:18:12 MeetingClientLogAlert.py(228 - MainProcess - MainThread - <module>): INFO 大网会议创建成功
2019-03-13 14:18:31 MeetingClientLogAlert.py(237 - MainProcess - MainThread - <module>): INFO 按键精灵和极会议客户端进行了重启操作
2019-03-13 14:18:31 MeetingClientLogAlert.py(182 - MainProcess - MainThread - <module>): INFO 新的文件绝对路径:C:\ProgramData\Redcdn\PcJmMeeting\LOG\LOG\X1Box_x86.exe-_22780__1.txt
2019-03-13 14:18:31 MeetingClientLogAlert.py(195 - MainProcess - MainThread - <module>): INFO 日志行数为3402行后，进行关键字查询
2019-03-13 14:18:31 MeetingClientLogAlert.py(228 - MainProcess - MainThread - <module>): INFO 大网会议创建成功
2019-03-13 14:18:56 MeetingClientLogAlert.py(182 - MainProcess - MainThread - <module>): INFO 新的文件绝对路径:C:\ProgramData\Redcdn\PcJmMeeting\LOG\LOG\X1Box_x86.exe-_3360__1.txt
2019-03-13 14:18:56 MeetingClientLogAlert.py(195 - MainProcess - MainThread - <module>): INFO 日志行数为2186行后，进行关键字查询
2019-03-13 14:18:56 MeetingClientLogAlert.py(228 - MainProcess - MainThread - <module>): INFO 大网会议创建成功
2019-03-13 14:43:52 MeetingClientLogAlert.py(181 - MainProcess - MainThread - <module>): INFO 新的文件绝对路径:C:\ProgramData\Redcdn\PcJmMeeting\LOG\LOG\X1Box_x86.exe-_8152__1.txt
2019-03-13 14:44:00 MeetingClientLogAlert.py(194 - MainProcess - MainThread - <module>): INFO 日志行数为1981行后，进行关键字查询
2019-03-13 14:44:00 MeetingClientLogAlert.py(227 - MainProcess - MainThread - <module>): INFO 大网会议创建成功
2019-03-13 14:44:20 MeetingClientLogAlert.py(235 - MainProcess - MainThread - <module>): INFO 按键精灵和极会议客户端进行了重启操作,重新启动的时间:2019-03-13 14:44:20
2019-03-13 14:44:20 MeetingClientLogAlert.py(181 - MainProcess - MainThread - <module>): INFO 新的文件绝对路径:C:\ProgramData\Redcdn\PcJmMeeting\LOG\LOG\X1Box_x86.exe-_8152__1.txt
2019-03-13 14:44:20 MeetingClientLogAlert.py(194 - MainProcess - MainThread - <module>): INFO 日志行数为3480行后，进行关键字查询
2019-03-13 14:44:20 MeetingClientLogAlert.py(227 - MainProcess - MainThread - <module>): INFO 大网会议创建成功
2019-03-13 14:44:45 MeetingClientLogAlert.py(181 - MainProcess - MainThread - <module>): INFO 新的文件绝对路径:C:\ProgramData\Redcdn\PcJmMeeting\LOG\LOG\X1Box_x86.exe-_16536__1.txt
2019-03-13 14:44:45 MeetingClientLogAlert.py(194 - MainProcess - MainThread - <module>): INFO 日志行数为2197行后，进行关键字查询
2019-03-13 14:44:45 MeetingClientLogAlert.py(227 - MainProcess - MainThread - <module>): INFO 大网会议创建成功
2019-03-13 14:45:13 MeetingClientLogAlert.py(235 - MainProcess - MainThread - <module>): INFO 按键精灵和极会议客户端进行了重启操作,重新启动的时间:2019-03-13 14:45:13
2019-03-13 14:45:13 MeetingClientLogAlert.py(181 - MainProcess - MainThread - <module>): INFO 新的文件绝对路径:C:\ProgramData\Redcdn\PcJmMeeting\LOG\LOG\X1Box_x86.exe-_12180__1.txt
